ANDROID PROJECT/SmartDenProject/build/intermediates/manifest_merge_blame_file/debug/manifest-merger-blame-debug-report.txt
1<?xml version="1.0" encoding="utf-8"?>
2<manifest xmlns:android="http://schemas.android.com/apk/res/android"
3    package="com.example.smartden"
4    android:versionCode="1"
5    android:versionName="1.0" >
6
7    <uses-sdk
8        android:minSdkVersion="23"
8-->src\main\AndroidManifest.xml
9        android:targetSdkVersion="29" />
9-->src\main\AndroidManifest.xml
10
11    <application
11-->src\main\AndroidManifest.xml:5:5-42:19
12        android:allowBackup="true"
12-->src\main\AndroidManifest.xml:6:9-35
13        android:appComponentFactory="androidx.core.app.CoreComponentFactory"
13-->[androidx.core:core:1.0.1] AndroidManifest.xml:22:18-86
14        android:debuggable="true"
15        android:icon="@mipmap/ic_launcher"
15-->src\main\AndroidManifest.xml:7:9-43
16        android:label="@string/app_name"
16-->src\main\AndroidManifest.xml:8:9-41
17        android:roundIcon="@mipmap/ic_launcher_round"
17-->src\main\AndroidManifest.xml:9:9-54
18        android:supportsRtl="true"
18-->src\main\AndroidManifest.xml:10:9-35
19        android:testOnly="true"
20        android:theme="@style/AppTheme" >
20-->src\main\AndroidManifest.xml:11:9-40
21        <activity
21-->src\main\AndroidManifest.xml:12:9-19:20
22            android:name="com.example.smartden.FirstActivity"
22-->src\main\AndroidManifest.xml:12:19-48
23            android:theme="@style/Theme.AppCompat.Light.NoActionBar" >
23-->src\main\AndroidManifest.xml:13:13-69
24            <intent-filter>
24-->src\main\AndroidManifest.xml:14:13-18:29
25                <action android:name="android.intent.action.MAIN" />
25-->src\main\AndroidManifest.xml:15:17-69
25-->src\main\AndroidManifest.xml:15:25-66
26
27                <category android:name="android.intent.category.LAUNCHER" />
27-->src\main\AndroidManifest.xml:17:17-77
27-->src\main\AndroidManifest.xml:17:27-74
28            </intent-filter>
29        </activity>
30        <activity
30-->src\main\AndroidManifest.xml:20:9-22:54
31            android:name="com.example.smartden.Thermostat"
31-->src\main\AndroidManifest.xml:21:13-39
32            android:parentActivityName="com.example.smartden.MainMenu" />
32-->src\main\AndroidManifest.xml:22:13-51
33        <activity
33-->src\main\AndroidManifest.xml:23:9-25:54
34            android:name="com.example.smartden.security"
34-->src\main\AndroidManifest.xml:24:13-37
35            android:parentActivityName="com.example.smartden.MainMenu" />
35-->src\main\AndroidManifest.xml:25:13-51
36        <activity
36-->src\main\AndroidManifest.xml:26:9-29:54
37            android:name="com.example.smartden.lightsystem"
37-->src\main\AndroidManifest.xml:27:13-40
38            android:launchMode="singleTask"
38-->src\main\AndroidManifest.xml:28:13-44
39            android:parentActivityName="com.example.smartden.MainMenu" />
39-->src\main\AndroidManifest.xml:29:13-51
40        <activity
40-->src\main\AndroidManifest.xml:30:9-33:54
41            android:name="com.example.smartden.garage"
41-->src\main\AndroidManifest.xml:31:13-35
42            android:launchMode="singleTask"
42-->src\main\AndroidManifest.xml:32:13-44
43            android:parentActivityName="com.example.smartden.MainMenu" />
43-->src\main\AndroidManifest.xml:33:13-51
44        <activity
44-->src\main\AndroidManifest.xml:34:9-37:58
45            android:name="com.example.smartden.MainMenu"
45-->src\main\AndroidManifest.xml:35:13-37
46            android:launchMode="singleTask"
46-->src\main\AndroidManifest.xml:36:13-44
47            android:parentActivityName="com.example.smartden.MainActivity" />
47-->src\main\AndroidManifest.xml:37:13-55
48        <activity android:name="com.example.smartden.RegistrationActivity" />
48-->src\main\AndroidManifest.xml:38:9-58
48-->src\main\AndroidManifest.xml:38:19-55
49        <activity android:name="com.example.smartden.MainActivity" >
49-->src\main\AndroidManifest.xml:39:9-41:20
49-->src\main\AndroidManifest.xml:39:19-47
50        </activity>
51    </application>
52
53</manifest>